  Option.cpp
C:\Users\limds1557\git_daesun5\OptionPricer\Option\Option\CalcDate.h(4,1): warning C4067: 전처리기 지시문 다음에 예기치 않은 토큰이 있습니다. 줄 바꿈 문자가 필요합니다.
C:\Users\limds1557\git_daesun5\OptionPricer\Option\Option\Util.h(16,1): warning C4067: 전처리기 지시문 다음에 예기치 않은 토큰이 있습니다. 줄 바꿈 문자가 필요합니다.
C:\Users\limds1557\git_daesun5\OptionPricer\Option\Option\Util.h(1050,14): warning C4101: 'DF2' :참조되지 않은 지역 변수입니다.
C:\Users\limds1557\git_daesun5\OptionPricer\Option\Option\Util.h(1050,9): warning C4101: 'DF1' :참조되지 않은 지역 변수입니다.
C:\Users\limds1557\git_daesun5\OptionPricer\Option\Option\Util.h(1448,9): warning C4101: 'a' :참조되지 않은 지역 변수입니다.
C:\Users\limds1557\git_daesun5\OptionPricer\Option\Option\Util.h(1448,12): warning C4101: 'b' :참조되지 않은 지역 변수입니다.
C:\Users\limds1557\git_daesun5\OptionPricer\Option\Option\Util.h(1444,7): warning C4101: 'idx_row' :참조되지 않은 지역 변수입니다.
C:\Users\limds1557\git_daesun5\OptionPricer\Option\Option\Util.h(1445,7): warning C4101: 'idx_col' :참조되지 않은 지역 변수입니다.
C:\Users\limds1557\git_daesun5\OptionPricer\Option\Option\Util.h(1473,9): warning C4101: 'a' :참조되지 않은 지역 변수입니다.
C:\Users\limds1557\git_daesun5\OptionPricer\Option\Option\Util.h(1473,12): warning C4101: 'b' :참조되지 않은 지역 변수입니다.
C:\Users\limds1557\git_daesun5\OptionPricer\Option\Option\Util.h(1469,7): warning C4101: 'idx_row' :참조되지 않은 지역 변수입니다.
C:\Users\limds1557\git_daesun5\OptionPricer\Option\Option\Util.h(1470,7): warning C4101: 'idx_col' :참조되지 않은 지역 변수입니다.
C:\Users\limds1557\git_daesun5\OptionPricer\Option\Option\Util.h(1488,13): warning C4101: 'k' :참조되지 않은 지역 변수입니다.
C:\Users\limds1557\git_daesun5\OptionPricer\Option\Option\Option.cpp(369,30): warning C4101: 'T_Simul_To_Maturity' :참조되지 않은 지역 변수입니다.
C:\Users\limds1557\git_daesun5\OptionPricer\Option\Option\Option.cpp(755,29): warning C4101: 'T2' :참조되지 않은 지역 변수입니다.
C:\Users\limds1557\git_daesun5\OptionPricer\Option\Option\Option.cpp(761,14): warning C4101: 'Rf_Quanto' :참조되지 않은 지역 변수입니다.
C:\Users\limds1557\git_daesun5\OptionPricer\Option\Option\Option.cpp(752,13): warning C4101: 'k' :참조되지 않은 지역 변수입니다.
C:\Users\limds1557\git_daesun5\OptionPricer\Option\Option\Option.cpp(753,7): warning C4101: 'idx' :참조되지 않은 지역 변수입니다.
C:\Users\limds1557\git_daesun5\OptionPricer\Option\Option\Option.cpp(761,25): warning C4101: 'r' :참조되지 않은 지역 변수입니다.
C:\Users\limds1557\git_daesun5\OptionPricer\Option\Option\Option.cpp(1489,10): warning C4101: 'j' :참조되지 않은 지역 변수입니다.
C:\Users\limds1557\git_daesun5\OptionPricer\Option\Option\Option.cpp(1489,7): warning C4101: 'i' :참조되지 않은 지역 변수입니다.
     C:\Users\limds1557\git_daesun5\OptionPricer\Option\Release\Option.lib 라이브러리 및 C:\Users\limds1557\git_daesun5\OptionPricer\Option\Release\Option.exp 개체를 생성하고 있습니다.
  코드를 생성하고 있습니다.
  Previous IPDB not found, fall back to full compilation.
C:\Users\limds1557\git_daesun5\OptionPricer\Option\Option\CalcDate.h(372): warning C4715: 'DayPlus': 모든 제어 경로에서 값을 반환하지는 않습니다.
  All 60 functions were compiled because no usable IPDB/IOBJ from previous compilation was found.
  코드를 생성했습니다.
  Option.vcxproj -> C:\Users\limds1557\git_daesun5\OptionPricer\Option\Release\Option.dll
