c:\users\kdb\github5\sabr_거의완성\sabr\debug\vc142.pdb
c:\users\kdb\github5\sabr_거의완성\sabr\debug\vc142.idb
c:\users\kdb\github5\sabr_거의완성\sabr\debug\sabr.obj
c:\users\kdb\github5\sabr_거의완성\debug\sabr.exe
c:\users\kdb\github5\sabr_거의완성\sabr\debug\sabr.ilk
c:\users\kdb\github5\sabr_거의완성\debug\sabr.pdb
d:\sabr\debug\sabr.lib
d:\sabr\debug\sabr.exp
c:\users\limds1557\git_daesun5\sabr_미완성\debug\sabr.lib
c:\users\limds1557\git_daesun5\sabr_미완성\debug\sabr.exp
c:\users\limds1557\git_daesun5\sabr_거의완성\debug\sabr.lib
c:\users\limds1557\git_daesun5\sabr_거의완성\debug\sabr.exp
c:\users\kdb\github5\sabr_거의완성\debug\sabr.lib
c:\users\kdb\github5\sabr_거의완성\debug\sabr.exp
c:\users\kdb\github5\sabr_거의완성\sabr\debug\sabr.obj.enc
c:\users\kdb\github5\sabr_거의완성\sabr\debug\sabr.tlog\cl.command.1.tlog
c:\users\kdb\github5\sabr_거의완성\sabr\debug\sabr.tlog\cl.read.1.tlog
c:\users\kdb\github5\sabr_거의완성\sabr\debug\sabr.tlog\cl.write.1.tlog
c:\users\kdb\github5\sabr_거의완성\sabr\debug\sabr.tlog\link.command.1.tlog
c:\users\kdb\github5\sabr_거의완성\sabr\debug\sabr.tlog\link.delete.1.tlog
c:\users\kdb\github5\sabr_거의완성\sabr\debug\sabr.tlog\link.read.1.tlog
c:\users\kdb\github5\sabr_거의완성\sabr\debug\sabr.tlog\link.write.1.tlog
c:\users\kdb\github5\sabr_거의완성\sabr\debug\sabr.tlog\sabr.write.1u.tlog
