  ZeroCurveMaker.cpp
C:\Users\ciiad\github5\ZeroCurveMaker\ZeroCurveMaker\CalcDate.h(4,1): warning C4067: 전처리기 지시문 다음에 예기치 않은 토큰이 있습니다. 줄 바꿈 문자가 필요합니다.
C:\Users\ciiad\github5\ZeroCurveMaker\ZeroCurveMaker\Util.h(16,1): warning C4067: 전처리기 지시문 다음에 예기치 않은 토큰이 있습니다. 줄 바꿈 문자가 필요합니다.
C:\Users\ciiad\github5\ZeroCurveMaker\ZeroCurveMaker\Util.h(1116,14): warning C4101: 'DF2' :참조되지 않은 지역 변수입니다.
C:\Users\ciiad\github5\ZeroCurveMaker\ZeroCurveMaker\Util.h(1116,9): warning C4101: 'DF1' :참조되지 않은 지역 변수입니다.
C:\Users\ciiad\github5\ZeroCurveMaker\ZeroCurveMaker\Util.h(1205,13): warning C4101: 'k' :참조되지 않은 지역 변수입니다.
C:\Users\ciiad\github5\ZeroCurveMaker\ZeroCurveMaker\Util.h(1554,9): warning C4101: 'a' :참조되지 않은 지역 변수입니다.
C:\Users\ciiad\github5\ZeroCurveMaker\ZeroCurveMaker\Util.h(1554,12): warning C4101: 'b' :참조되지 않은 지역 변수입니다.
C:\Users\ciiad\github5\ZeroCurveMaker\ZeroCurveMaker\Util.h(1550,7): warning C4101: 'idx_row' :참조되지 않은 지역 변수입니다.
C:\Users\ciiad\github5\ZeroCurveMaker\ZeroCurveMaker\Util.h(1551,7): warning C4101: 'idx_col' :참조되지 않은 지역 변수입니다.
C:\Users\ciiad\github5\ZeroCurveMaker\ZeroCurveMaker\Util.h(1579,9): warning C4101: 'a' :참조되지 않은 지역 변수입니다.
C:\Users\ciiad\github5\ZeroCurveMaker\ZeroCurveMaker\Util.h(1579,12): warning C4101: 'b' :참조되지 않은 지역 변수입니다.
C:\Users\ciiad\github5\ZeroCurveMaker\ZeroCurveMaker\Util.h(1575,7): warning C4101: 'idx_row' :참조되지 않은 지역 변수입니다.
C:\Users\ciiad\github5\ZeroCurveMaker\ZeroCurveMaker\Util.h(1576,7): warning C4101: 'idx_col' :참조되지 않은 지역 변수입니다.
C:\Users\ciiad\github5\ZeroCurveMaker\ZeroCurveMaker\Util.h(1594,13): warning C4101: 'k' :참조되지 않은 지역 변수입니다.
C:\Users\ciiad\github5\ZeroCurveMaker\ZeroCurveMaker\IRStructure.h(180,8): warning C4101: 'n' :참조되지 않은 지역 변수입니다.
C:\Users\ciiad\github5\ZeroCurveMaker\ZeroCurveMaker\IRStructure.h(223,8): warning C4101: 'n' :참조되지 않은 지역 변수입니다.
C:\Users\ciiad\github5\ZeroCurveMaker\ZeroCurveMaker\IRStructure.h(298,8): warning C4101: 'n' :참조되지 않은 지역 변수입니다.
C:\Users\ciiad\github5\ZeroCurveMaker\ZeroCurveMaker\IRStructure.h(339,8): warning C4101: 'n' :참조되지 않은 지역 변수입니다.
C:\Users\ciiad\github5\ZeroCurveMaker\ZeroCurveMaker\ZeroCurveMaker.cpp(8,1): warning C4067: 전처리기 지시문 다음에 예기치 않은 토큰이 있습니다. 줄 바꿈 문자가 필요합니다.
C:\Users\ciiad\github5\ZeroCurveMaker\ZeroCurveMaker\ZeroCurveMaker.cpp(410,7): warning C4101: 'j' :참조되지 않은 지역 변수입니다.
C:\Users\ciiad\github5\ZeroCurveMaker\ZeroCurveMaker\ZeroCurveMaker.cpp(609,9): warning C4101: 't' :참조되지 않은 지역 변수입니다.
     C:\Users\ciiad\github5\ZeroCurveMaker\x64\Release\ZeroCurveMaker.lib 라이브러리 및 C:\Users\ciiad\github5\ZeroCurveMaker\x64\Release\ZeroCurveMaker.exp 개체를 생성하고 있습니다.
  코드를 생성하고 있습니다.
  Previous IPDB not found, fall back to full compilation.
C:\Users\ciiad\github5\ZeroCurveMaker\ZeroCurveMaker\CalcDate.h(372): warning C4715: 'DayPlus': 모든 제어 경로에서 값을 반환하지는 않습니다.
  All 46 functions were compiled because no usable IPDB/IOBJ from previous compilation was found.
  코드를 생성했습니다.
  ZeroCurveMaker.vcxproj -> C:\Users\ciiad\github5\ZeroCurveMaker\x64\Release\ZeroCurveMaker.dll
