  ZeroCurveMaker.cpp
C:\Users\limds1557\git_daesun5\ZeroCurveMaker\ZeroCurveMaker\CalcDate.h(4,1): warning C4067: 전처리기 지시문 다음에 예기치 않은 토큰이 있습니다. 줄 바꿈 문자가 필요합니다.
C:\Users\limds1557\git_daesun5\ZeroCurveMaker\ZeroCurveMaker\Util.h(16,1): warning C4067: 전처리기 지시문 다음에 예기치 않은 토큰이 있습니다. 줄 바꿈 문자가 필요합니다.
C:\Users\limds1557\git_daesun5\ZeroCurveMaker\ZeroCurveMaker\Util.h(1050,14): warning C4101: 'DF2' :참조되지 않은 지역 변수입니다.
C:\Users\limds1557\git_daesun5\ZeroCurveMaker\ZeroCurveMaker\Util.h(1050,9): warning C4101: 'DF1' :참조되지 않은 지역 변수입니다.
C:\Users\limds1557\git_daesun5\ZeroCurveMaker\ZeroCurveMaker\Util.h(1448,9): warning C4101: 'a' :참조되지 않은 지역 변수입니다.
C:\Users\limds1557\git_daesun5\ZeroCurveMaker\ZeroCurveMaker\Util.h(1448,12): warning C4101: 'b' :참조되지 않은 지역 변수입니다.
C:\Users\limds1557\git_daesun5\ZeroCurveMaker\ZeroCurveMaker\Util.h(1444,7): warning C4101: 'idx_row' :참조되지 않은 지역 변수입니다.
C:\Users\limds1557\git_daesun5\ZeroCurveMaker\ZeroCurveMaker\Util.h(1445,7): warning C4101: 'idx_col' :참조되지 않은 지역 변수입니다.
C:\Users\limds1557\git_daesun5\ZeroCurveMaker\ZeroCurveMaker\Util.h(1473,9): warning C4101: 'a' :참조되지 않은 지역 변수입니다.
C:\Users\limds1557\git_daesun5\ZeroCurveMaker\ZeroCurveMaker\Util.h(1473,12): warning C4101: 'b' :참조되지 않은 지역 변수입니다.
C:\Users\limds1557\git_daesun5\ZeroCurveMaker\ZeroCurveMaker\Util.h(1469,7): warning C4101: 'idx_row' :참조되지 않은 지역 변수입니다.
C:\Users\limds1557\git_daesun5\ZeroCurveMaker\ZeroCurveMaker\Util.h(1470,7): warning C4101: 'idx_col' :참조되지 않은 지역 변수입니다.
C:\Users\limds1557\git_daesun5\ZeroCurveMaker\ZeroCurveMaker\Util.h(1488,13): warning C4101: 'k' :참조되지 않은 지역 변수입니다.
C:\Users\limds1557\git_daesun5\ZeroCurveMaker\ZeroCurveMaker\IRStructure.h(180,8): warning C4101: 'n' :참조되지 않은 지역 변수입니다.
C:\Users\limds1557\git_daesun5\ZeroCurveMaker\ZeroCurveMaker\IRStructure.h(223,8): warning C4101: 'n' :참조되지 않은 지역 변수입니다.
C:\Users\limds1557\git_daesun5\ZeroCurveMaker\ZeroCurveMaker\IRStructure.h(298,8): warning C4101: 'n' :참조되지 않은 지역 변수입니다.
C:\Users\limds1557\git_daesun5\ZeroCurveMaker\ZeroCurveMaker\IRStructure.h(339,8): warning C4101: 'n' :참조되지 않은 지역 변수입니다.
C:\Users\limds1557\git_daesun5\ZeroCurveMaker\ZeroCurveMaker\ZeroCurveMaker.cpp(8,1): warning C4067: 전처리기 지시문 다음에 예기치 않은 토큰이 있습니다. 줄 바꿈 문자가 필요합니다.
C:\Users\limds1557\git_daesun5\ZeroCurveMaker\ZeroCurveMaker\ZeroCurveMaker.cpp(410,7): warning C4101: 'j' :참조되지 않은 지역 변수입니다.
C:\Users\limds1557\git_daesun5\ZeroCurveMaker\ZeroCurveMaker\ZeroCurveMaker.cpp(609,9): warning C4101: 't' :참조되지 않은 지역 변수입니다.
C:\Users\limds1557\git_daesun5\ZeroCurveMaker\ZeroCurveMaker\CalcDate.h(372): warning C4715: 'DayPlus': 모든 제어 경로에서 값을 반환하지는 않습니다.
     C:\Users\limds1557\git_daesun5\ZeroCurveMaker\Debug\ZeroCurveMaker.lib 라이브러리 및 C:\Users\limds1557\git_daesun5\ZeroCurveMaker\Debug\ZeroCurveMaker.exp 개체를 생성하고 있습니다.
  ZeroCurveMaker.vcxproj -> C:\Users\limds1557\git_daesun5\ZeroCurveMaker\Debug\ZeroCurveMaker.dll
