  HiFive_ELS.cpp
C:\Users\ciiad\github5\HiFive_ELS\HiFive_ELS\CalcDate.h(4,1): warning C4067: 전처리기 지시문 다음에 예기치 않은 토큰이 있습니다. 줄 바꿈 문자가 필요합니다.
C:\Users\ciiad\github5\HiFive_ELS\HiFive_ELS\Util.h(16,1): warning C4067: 전처리기 지시문 다음에 예기치 않은 토큰이 있습니다. 줄 바꿈 문자가 필요합니다.
C:\Users\ciiad\github5\HiFive_ELS\HiFive_ELS\Util.h(1116,14): warning C4101: 'DF2' :참조되지 않은 지역 변수입니다.
C:\Users\ciiad\github5\HiFive_ELS\HiFive_ELS\Util.h(1116,9): warning C4101: 'DF1' :참조되지 않은 지역 변수입니다.
C:\Users\ciiad\github5\HiFive_ELS\HiFive_ELS\Util.h(1205,13): warning C4101: 'k' :참조되지 않은 지역 변수입니다.
C:\Users\ciiad\github5\HiFive_ELS\HiFive_ELS\Util.h(1554,9): warning C4101: 'a' :참조되지 않은 지역 변수입니다.
C:\Users\ciiad\github5\HiFive_ELS\HiFive_ELS\Util.h(1554,12): warning C4101: 'b' :참조되지 않은 지역 변수입니다.
C:\Users\ciiad\github5\HiFive_ELS\HiFive_ELS\Util.h(1550,7): warning C4101: 'idx_row' :참조되지 않은 지역 변수입니다.
C:\Users\ciiad\github5\HiFive_ELS\HiFive_ELS\Util.h(1551,7): warning C4101: 'idx_col' :참조되지 않은 지역 변수입니다.
C:\Users\ciiad\github5\HiFive_ELS\HiFive_ELS\Util.h(1579,9): warning C4101: 'a' :참조되지 않은 지역 변수입니다.
C:\Users\ciiad\github5\HiFive_ELS\HiFive_ELS\Util.h(1579,12): warning C4101: 'b' :참조되지 않은 지역 변수입니다.
C:\Users\ciiad\github5\HiFive_ELS\HiFive_ELS\Util.h(1575,7): warning C4101: 'idx_row' :참조되지 않은 지역 변수입니다.
C:\Users\ciiad\github5\HiFive_ELS\HiFive_ELS\Util.h(1576,7): warning C4101: 'idx_col' :참조되지 않은 지역 변수입니다.
C:\Users\ciiad\github5\HiFive_ELS\HiFive_ELS\Util.h(1594,13): warning C4101: 'k' :참조되지 않은 지역 변수입니다.
C:\Users\ciiad\github5\HiFive_ELS\HiFive_ELS\SABR.h(15,7): warning C4101: 'i' :참조되지 않은 지역 변수입니다.
C:\Users\ciiad\github5\HiFive_ELS\HiFive_ELS\SABR.h(288,7): warning C4101: 'j' :참조되지 않은 지역 변수입니다.
C:\Users\ciiad\github5\HiFive_ELS\HiFive_ELS\SABR.h(470,10): warning C4101: 'j' :참조되지 않은 지역 변수입니다.
C:\Users\ciiad\github5\HiFive_ELS\HiFive_ELS\SABR.h(470,7): warning C4101: 'i' :참조되지 않은 지역 변수입니다.
C:\Users\ciiad\github5\HiFive_ELS\HiFive_ELS\HiFive_ELS.cpp(25,1): warning C4067: 전처리기 지시문 다음에 예기치 않은 토큰이 있습니다. 줄 바꿈 문자가 필요합니다.
C:\Users\ciiad\github5\HiFive_ELS\HiFive_ELS\HiFive_ELS.cpp(128,10): warning C4101: 'T_Plus' :참조되지 않은 지역 변수입니다.
C:\Users\ciiad\github5\HiFive_ELS\HiFive_ELS\HiFive_ELS.cpp(239,9): warning C4101: 'i' :참조되지 않은 지역 변수입니다.
C:\Users\ciiad\github5\HiFive_ELS\HiFive_ELS\HiFive_ELS.cpp(263,14): warning C4101: 'k' :참조되지 않은 지역 변수입니다.
C:\Users\ciiad\github5\HiFive_ELS\HiFive_ELS\HiFive_ELS.cpp(263,11): warning C4101: 'j' :참조되지 않은 지역 변수입니다.
C:\Users\ciiad\github5\HiFive_ELS\HiFive_ELS\HiFive_ELS.cpp(263,8): warning C4101: 'i' :참조되지 않은 지역 변수입니다.
C:\Users\ciiad\github5\HiFive_ELS\HiFive_ELS\HiFive_ELS.cpp(304,12): warning C4101: 'j' :참조되지 않은 지역 변수입니다.
C:\Users\ciiad\github5\HiFive_ELS\HiFive_ELS\HiFive_ELS.cpp(304,9): warning C4101: 'i' :참조되지 않은 지역 변수입니다.
C:\Users\ciiad\github5\HiFive_ELS\HiFive_ELS\HiFive_ELS.cpp(309,9): warning C4101: 'i' :참조되지 않은 지역 변수입니다.
C:\Users\ciiad\github5\HiFive_ELS\HiFive_ELS\HiFive_ELS.cpp(695,9): warning C4101: 'Drift' :참조되지 않은 지역 변수입니다.
C:\Users\ciiad\github5\HiFive_ELS\HiFive_ELS\HiFive_ELS.cpp(696,9): warning C4101: 'Diffusion' :참조되지 않은 지역 변수입니다.
C:\Users\ciiad\github5\HiFive_ELS\HiFive_ELS\HiFive_ELS.cpp(3614,10): warning C4101: 'j' :참조되지 않은 지역 변수입니다.
C:\Users\ciiad\github5\HiFive_ELS\HiFive_ELS\HiFive_ELS.cpp(3614,7): warning C4101: 'i' :참조되지 않은 지역 변수입니다.
C:\Users\ciiad\github5\HiFive_ELS\HiFive_ELS\CalcDate.h(374): warning C4715: 'DayPlus': 모든 제어 경로에서 값을 반환하지는 않습니다.
     C:\Users\ciiad\github5\HiFive_ELS\x64\Debug\HiFive_ELS.lib 라이브러리 및 C:\Users\ciiad\github5\HiFive_ELS\x64\Debug\HiFive_ELS.exp 개체를 생성하고 있습니다.
  HiFive_ELS.vcxproj -> C:\Users\ciiad\github5\HiFive_ELS\x64\Debug\HiFive_ELS.dll
