c:\users\limds1557\git_daesun5\creditriskcapitalirb\creditriskcapitalirb\release\vc142.pdb
c:\users\limds1557\git_daesun5\creditriskcapitalirb\creditriskcapitalirb\release\creditriskcapitalirb.obj
c:\users\limds1557\git_daesun5\creditriskcapitalirb\release\creditriskcapitalirb.lib
c:\users\limds1557\git_daesun5\creditriskcapitalirb\release\creditriskcapitalirb.exp
c:\users\limds1557\git_daesun5\creditriskcapitalirb\release\creditriskcapitalirb.dll
c:\users\limds1557\git_daesun5\creditriskcapitalirb\creditriskcapitalirb\release\creditriskcapitalirb.ipdb
c:\users\limds1557\git_daesun5\creditriskcapitalirb\creditriskcapitalirb\release\creditriskcapitalirb.iobj
c:\users\limds1557\git_daesun5\creditriskcapitalirb\release\creditriskcapitalirb.pdb
c:\users\kdb\github5\creditriskcapitalirb\creditriskcapitalirb\release\creditriskcapitalirb.obj
c:\users\kdb\github5\creditriskcapitalirb\creditriskcapitalirb\release\creditriskcapitalirb.ipdb
c:\users\kdb\github5\creditriskcapitalirb\creditriskcapitalirb\release\creditriskcapitalirb.iobj
c:\users\kdb\github5\creditriskcapitalirb\creditriskcapitalirb\release\vc142.pdb
c:\users\kdb\github5\creditriskcapitalirb\release\creditriskcapitalirb.pdb
c:\users\kdb\github5\creditriskcapitalirb\release\creditriskcapitalirb.dll
c:\users\kdb\github5\creditriskcapitalirb\creditriskcapitalirb\release\creditri.0782b668.tlog\cl.command.1.tlog
c:\users\kdb\github5\creditriskcapitalirb\creditriskcapitalirb\release\creditri.0782b668.tlog\cl.read.1.tlog
c:\users\kdb\github5\creditriskcapitalirb\creditriskcapitalirb\release\creditri.0782b668.tlog\cl.write.1.tlog
c:\users\kdb\github5\creditriskcapitalirb\creditriskcapitalirb\release\creditri.0782b668.tlog\creditriskcapitalirb.write.1u.tlog
c:\users\kdb\github5\creditriskcapitalirb\creditriskcapitalirb\release\creditri.0782b668.tlog\link.command.1.tlog
c:\users\kdb\github5\creditriskcapitalirb\creditriskcapitalirb\release\creditri.0782b668.tlog\link.read.1.tlog
c:\users\kdb\github5\creditriskcapitalirb\creditriskcapitalirb\release\creditri.0782b668.tlog\link.write.1.tlog
