  SABR.cpp
C:\Users\KDB\github5\SABR_거의완성\SABR\Util.h(16,1): warning C4067: 전처리기 지시문 다음에 예기치 않은 토큰이 있습니다. 줄 바꿈 문자가 필요합니다.
C:\Users\KDB\github5\SABR_거의완성\SABR\Util.h(1090,14): warning C4101: 'DF2' :참조되지 않은 지역 변수입니다.
C:\Users\KDB\github5\SABR_거의완성\SABR\Util.h(1090,9): warning C4101: 'DF1' :참조되지 않은 지역 변수입니다.
C:\Users\KDB\github5\SABR_거의완성\SABR\Util.h(1179,13): warning C4101: 'k' :참조되지 않은 지역 변수입니다.
C:\Users\KDB\github5\SABR_거의완성\SABR\Util.h(1528,9): warning C4101: 'a' :참조되지 않은 지역 변수입니다.
C:\Users\KDB\github5\SABR_거의완성\SABR\Util.h(1528,12): warning C4101: 'b' :참조되지 않은 지역 변수입니다.
C:\Users\KDB\github5\SABR_거의완성\SABR\Util.h(1524,7): warning C4101: 'idx_row' :참조되지 않은 지역 변수입니다.
C:\Users\KDB\github5\SABR_거의완성\SABR\Util.h(1525,7): warning C4101: 'idx_col' :참조되지 않은 지역 변수입니다.
C:\Users\KDB\github5\SABR_거의완성\SABR\Util.h(1553,9): warning C4101: 'a' :참조되지 않은 지역 변수입니다.
C:\Users\KDB\github5\SABR_거의완성\SABR\Util.h(1553,12): warning C4101: 'b' :참조되지 않은 지역 변수입니다.
C:\Users\KDB\github5\SABR_거의완성\SABR\Util.h(1549,7): warning C4101: 'idx_row' :참조되지 않은 지역 변수입니다.
C:\Users\KDB\github5\SABR_거의완성\SABR\Util.h(1550,7): warning C4101: 'idx_col' :참조되지 않은 지역 변수입니다.
C:\Users\KDB\github5\SABR_거의완성\SABR\Util.h(1568,13): warning C4101: 'k' :참조되지 않은 지역 변수입니다.
C:\Users\KDB\github5\SABR_거의완성\SABR\SABR.cpp(13,7): warning C4101: 'i' :참조되지 않은 지역 변수입니다.
C:\Users\KDB\github5\SABR_거의완성\SABR\SABR.cpp(281,7): warning C4101: 'j' :참조되지 않은 지역 변수입니다.
     C:\Users\KDB\github5\SABR_거의완성\x64\Release\SABR.lib 라이브러리 및 C:\Users\KDB\github5\SABR_거의완성\x64\Release\SABR.exp 개체를 생성하고 있습니다.
  코드를 생성하고 있습니다.
  Previous IPDB not found, fall back to full compilation.
  All 52 functions were compiled because no usable IPDB/IOBJ from previous compilation was found.
  코드를 생성했습니다.
  SABR.vcxproj -> C:\Users\KDB\github5\SABR_거의완성\x64\Release\SABR.exe
