c:\users\kdb\github5\sabr_거의완성\sabr\x64\debug\vc142.pdb
c:\users\kdb\github5\sabr_거의완성\sabr\x64\debug\vc142.idb
c:\users\kdb\github5\sabr_거의완성\sabr\x64\debug\sabr.obj
c:\users\kdb\github5\sabr_거의완성\sabr\x64\debug\sabr.ilk
c:\users\kdb\github5\sabr_거의완성\x64\debug\sabr.dll
c:\users\kdb\github5\sabr_거의완성\x64\debug\sabr.pdb
c:\users\kdb\github5\sabr_거의완성\x64\debug\sabr.lib
c:\users\kdb\github5\sabr_거의완성\x64\debug\sabr.exp
c:\users\ciiad\github5\sabr_거의완성\sabr\x64\debug\sabr.obj
c:\users\ciiad\github5\sabr_거의완성\sabr\x64\debug\sabr.ilk
c:\users\ciiad\github5\sabr_거의완성\sabr\x64\debug\vc142.idb
c:\users\ciiad\github5\sabr_거의완성\sabr\x64\debug\vc142.pdb
c:\users\ciiad\github5\sabr_거의완성\x64\debug\sabr.pdb
c:\users\ciiad\github5\sabr_거의완성\x64\debug\sabr.dll
c:\users\ciiad\github5\sabr_거의완성\sabr\x64\debug\sabr.tlog\cl.command.1.tlog
c:\users\ciiad\github5\sabr_거의완성\sabr\x64\debug\sabr.tlog\cl.read.1.tlog
c:\users\ciiad\github5\sabr_거의완성\sabr\x64\debug\sabr.tlog\cl.write.1.tlog
c:\users\ciiad\github5\sabr_거의완성\sabr\x64\debug\sabr.tlog\link.command.1.tlog
c:\users\ciiad\github5\sabr_거의완성\sabr\x64\debug\sabr.tlog\link.read.1.tlog
c:\users\ciiad\github5\sabr_거의완성\sabr\x64\debug\sabr.tlog\link.write.1.tlog
c:\users\ciiad\github5\sabr_거의완성\sabr\x64\debug\sabr.tlog\sabr.write.1u.tlog
