c:\users\kdb\github5\irchangestructuredswap\irchangestructuredswap\release\vc142.pdb
c:\users\kdb\github5\irchangestructuredswap\irchangestructuredswap\release\irchangestructuredswap.obj
c:\users\kdb\github5\irchangestructuredswap\release\irchangestructuredswap.lib
c:\users\kdb\github5\irchangestructuredswap\release\irchangestructuredswap.exp
c:\users\kdb\github5\irchangestructuredswap\release\irchangestructuredswap.dll
c:\users\kdb\github5\irchangestructuredswap\irchangestructuredswap\release\irchangestructuredswap.ipdb
c:\users\kdb\github5\irchangestructuredswap\irchangestructuredswap\release\irchangestructuredswap.iobj
c:\users\kdb\github5\irchangestructuredswap\release\irchangestructuredswap.pdb
c:\users\ciiad\github5\irchangestructuredswap\irchangestructuredswap\release\irchangestructuredswap.obj
c:\users\ciiad\github5\irchangestructuredswap\irchangestructuredswap\release\irchangestructuredswap.ipdb
c:\users\ciiad\github5\irchangestructuredswap\irchangestructuredswap\release\irchangestructuredswap.iobj
c:\users\ciiad\github5\irchangestructuredswap\irchangestructuredswap\release\vc142.pdb
c:\users\ciiad\github5\irchangestructuredswap\release\irchangestructuredswap.pdb
c:\users\ciiad\github5\irchangestructuredswap\release\irchangestructuredswap.dll
c:\users\ciiad\github5\irchangestructuredswap\irchangestructuredswap\release\irchange.3301e6d1.tlog\cl.command.1.tlog
c:\users\ciiad\github5\irchangestructuredswap\irchangestructuredswap\release\irchange.3301e6d1.tlog\cl.read.1.tlog
c:\users\ciiad\github5\irchangestructuredswap\irchangestructuredswap\release\irchange.3301e6d1.tlog\cl.write.1.tlog
c:\users\ciiad\github5\irchangestructuredswap\irchangestructuredswap\release\irchange.3301e6d1.tlog\irchangestructuredswap.write.1u.tlog
c:\users\ciiad\github5\irchangestructuredswap\irchangestructuredswap\release\irchange.3301e6d1.tlog\link.command.1.tlog
c:\users\ciiad\github5\irchangestructuredswap\irchangestructuredswap\release\irchange.3301e6d1.tlog\link.read.1.tlog
c:\users\ciiad\github5\irchangestructuredswap\irchangestructuredswap\release\irchange.3301e6d1.tlog\link.write.1.tlog
