  SABR.cpp
C:\Users\ciiad\github5\SABR\SABR\Util.h(16,1): warning C4067: 전처리기 지시문 다음에 예기치 않은 토큰이 있습니다. 줄 바꿈 문자가 필요합니다.
C:\Users\ciiad\github5\SABR\SABR\Util.h(1116,14): warning C4101: 'DF2' :참조되지 않은 지역 변수입니다.
C:\Users\ciiad\github5\SABR\SABR\Util.h(1116,9): warning C4101: 'DF1' :참조되지 않은 지역 변수입니다.
C:\Users\ciiad\github5\SABR\SABR\Util.h(1205,13): warning C4101: 'k' :참조되지 않은 지역 변수입니다.
C:\Users\ciiad\github5\SABR\SABR\Util.h(1554,9): warning C4101: 'a' :참조되지 않은 지역 변수입니다.
C:\Users\ciiad\github5\SABR\SABR\Util.h(1554,12): warning C4101: 'b' :참조되지 않은 지역 변수입니다.
C:\Users\ciiad\github5\SABR\SABR\Util.h(1550,7): warning C4101: 'idx_row' :참조되지 않은 지역 변수입니다.
C:\Users\ciiad\github5\SABR\SABR\Util.h(1551,7): warning C4101: 'idx_col' :참조되지 않은 지역 변수입니다.
C:\Users\ciiad\github5\SABR\SABR\Util.h(1579,9): warning C4101: 'a' :참조되지 않은 지역 변수입니다.
C:\Users\ciiad\github5\SABR\SABR\Util.h(1579,12): warning C4101: 'b' :참조되지 않은 지역 변수입니다.
C:\Users\ciiad\github5\SABR\SABR\Util.h(1575,7): warning C4101: 'idx_row' :참조되지 않은 지역 변수입니다.
C:\Users\ciiad\github5\SABR\SABR\Util.h(1576,7): warning C4101: 'idx_col' :참조되지 않은 지역 변수입니다.
C:\Users\ciiad\github5\SABR\SABR\Util.h(1594,13): warning C4101: 'k' :참조되지 않은 지역 변수입니다.
C:\Users\ciiad\github5\SABR\SABR\SABR.cpp(13,7): warning C4101: 'i' :참조되지 않은 지역 변수입니다.
C:\Users\ciiad\github5\SABR\SABR\SABR.cpp(287,7): warning C4101: 'j' :참조되지 않은 지역 변수입니다.
C:\Users\ciiad\github5\SABR\SABR\SABR.cpp(469,10): warning C4101: 'j' :참조되지 않은 지역 변수입니다.
C:\Users\ciiad\github5\SABR\SABR\SABR.cpp(469,7): warning C4101: 'i' :참조되지 않은 지역 변수입니다.
     C:\Users\ciiad\github5\SABR\Debug\SABR.lib 라이브러리 및 C:\Users\ciiad\github5\SABR\Debug\SABR.exp 개체를 생성하고 있습니다.
  SABR.vcxproj -> C:\Users\ciiad\github5\SABR\Debug\SABR.dll
